<?xml version="1.0" encoding="UTF-8"?>
<!-- Generated by org.testng.reporters.JUnitReportReporter -->
<testsuite hostname="LAPTOP-5Q610K75" failures="0" tests="1" name="com.brvnarealavrdnik.GalleryTest" time="0.277" errors="0" timestamp="2023-04-05T13:44:33 CEST" skipped="0">
  <testcase classname="com.brvnarealavrdnik.GalleryTest" name="galleryImageTest" time="0.277"/>
  <system-out/>
</testsuite> <!-- com.brvnarealavrdnik.GalleryTest -->
