<?xml version="1.0" encoding="UTF-8"?>
<!-- Generated by org.testng.reporters.JUnitReportReporter -->
<testsuite hostname="LAPTOP-5Q610K75" failures="0" tests="1" name="com.brvnarealavrdnik.ContactFormTestFail" time="1.617" errors="0" timestamp="2023-04-05T13:33:33 CEST" skipped="0">
  <testcase classname="com.brvnarealavrdnik.ContactFormTestFail" name="contactFormTest" time="1.617"/>
  <system-out/>
</testsuite> <!-- com.brvnarealavrdnik.ContactFormTestFail -->
