<?xml version="1.0" encoding="UTF-8"?>
<!-- Generated by org.testng.reporters.JUnitReportReporter -->
<testsuite hostname="LAPTOP-5Q610K75" failures="0" tests="1" name="base.GalleryTest" time="5.096" errors="0" timestamp="2023-04-01T12:02:08 CEST" skipped="0">
  <testcase classname="base.GalleryTest" name="endToEndTest" time="5.096"/>
  <system-out/>
</testsuite> <!-- base.GalleryTest -->
